Determining if the pthread_create exist failed with the following output:
Change Dir: /home/vagrant/temp/csci499_patriya-piyawiroj/CMakeFiles/CMakeTmp

Run Build Command:"/usr/bin/make" "cmTC_ee8c1/fast"
/usr/bin/make -f CMakeFiles/cmTC_ee8c1.dir/build.make CMakeFiles/cmTC_ee8c1.dir/build
make[1]: Entering directory '/home/vagrant/temp/csci499_patriya-piyawiroj/CMakeFiles/CMakeTmp'
Building C object CMakeFiles/cmTC_ee8c1.dir/CheckSymbolExists.c.o
/usr/bin/cc    -o CMakeFiles/cmTC_ee8c1.dir/CheckSymbolExists.c.o   -c /home/vagrant/temp/csci499_patriya-piyawiroj/CMakeFiles/CMakeTmp/CheckSymbolExists.c
Linking C executable cmTC_ee8c1
/usr/bin/cmake -E cmake_link_script CMakeFiles/cmTC_ee8c1.dir/link.txt --verbose=1
/usr/bin/cc      -rdynamic CMakeFiles/cmTC_ee8c1.dir/CheckSymbolExists.c.o  -o cmTC_ee8c1 
CMakeFiles/cmTC_ee8c1.dir/CheckSymbolExists.c.o: In function `main':
CheckSymbolExists.c:(.text+0x1b): undefined reference to `pthread_create'
collect2: error: ld returned 1 exit status
CMakeFiles/cmTC_ee8c1.dir/build.make:97: recipe for target 'cmTC_ee8c1' failed
make[1]: *** [cmTC_ee8c1] Error 1
make[1]: Leaving directory '/home/vagrant/temp/csci499_patriya-piyawiroj/CMakeFiles/CMakeTmp'
Makefile:126: recipe for target 'cmTC_ee8c1/fast' failed
make: *** [cmTC_ee8c1/fast] Error 2

File /home/vagrant/temp/csci499_patriya-piyawiroj/CMakeFiles/CMakeTmp/CheckSymbolExists.c:
/* */
#include <pthread.h>

int main(int argc, char** argv)
{
  (void)argv;
#ifndef pthread_create
  return ((int*)(&pthread_create))[argc];
#else
  (void)argc;
  return 0;
#endif
}

Determining if the function pthread_create exists in the pthreads failed with the following output:
Change Dir: /home/vagrant/temp/csci499_patriya-piyawiroj/CMakeFiles/CMakeTmp

Run Build Command:"/usr/bin/make" "cmTC_aaebe/fast"
/usr/bin/make -f CMakeFiles/cmTC_aaebe.dir/build.make CMakeFiles/cmTC_aaebe.dir/build
make[1]: Entering directory '/home/vagrant/temp/csci499_patriya-piyawiroj/CMakeFiles/CMakeTmp'
Building C object CMakeFiles/cmTC_aaebe.dir/CheckFunctionExists.c.o
/usr/bin/cc   -DCHECK_FUNCTION_EXISTS=pthread_create   -o CMakeFiles/cmTC_aaebe.dir/CheckFunctionExists.c.o   -c /usr/share/cmake-3.10/Modules/CheckFunctionExists.c
Linking C executable cmTC_aaebe
/usr/bin/cmake -E cmake_link_script CMakeFiles/cmTC_aaebe.dir/link.txt --verbose=1
/usr/bin/cc  -DCHECK_FUNCTION_EXISTS=pthread_create    -rdynamic CMakeFiles/cmTC_aaebe.dir/CheckFunctionExists.c.o  -o cmTC_aaebe -lpthreads 
/usr/bin/ld: cannot find -lpthreads
collect2: error: ld returned 1 exit status
CMakeFiles/cmTC_aaebe.dir/build.make:97: recipe for target 'cmTC_aaebe' failed
make[1]: *** [cmTC_aaebe] Error 1
make[1]: Leaving directory '/home/vagrant/temp/csci499_patriya-piyawiroj/CMakeFiles/CMakeTmp'
Makefile:126: recipe for target 'cmTC_aaebe/fast' failed
make: *** [cmTC_aaebe/fast] Error 2


